[4.154s] DEBUG:colcon:Command line arguments: ['/usr/bin/colcon', 'build', '--symlink-install']
[4.155s] DEBUG:colcon:Parsed command line arguments: Namespace(log_base=None, log_level=None, verb_name='build', build_base='build', install_base='install', merge_install=False, symlink_install=True, test_result_base=None, continue_on_error=False, executor='parallel', parallel_workers=4, event_handlers=None, ignore_user_meta=False, metas=['./colcon.meta'], base_paths=['.'], packages_ignore=None, packages_ignore_regex=None, paths=None, packages_up_to=None, packages_up_to_regex=None, packages_above=None, packages_above_and_dependencies=None, packages_above_depth=None, packages_select_by_dep=None, packages_skip_by_dep=None, packages_skip_up_to=None, packages_select_build_failed=False, packages_skip_build_finished=False, packages_select_test_failures=False, packages_skip_test_passed=False, packages_select=None, packages_skip=None, packages_select_regex=None, packages_skip_regex=None, packages_start=None, packages_end=None, allow_overriding=[], cmake_args=None, cmake_target=None, cmake_target_skip_unavailable=False, cmake_clean_cache=False, cmake_clean_first=False, cmake_force_configure=False, ament_cmake_args=None, catkin_cmake_args=None, catkin_skip_building_tests=False, verb_parser=<colcon_defaults.argument_parser.defaults.DefaultArgumentsDecorator object at 0x73ea5e02cc10>, verb_extension=<colcon_core.verb.build.BuildVerb object at 0x73ea5e02c700>, main=<bound method BuildVerb.main of <colcon_core.verb.build.BuildVerb object at 0x73ea5e02c700>>)
[9.311s] Level 1:colcon.colcon_core.package_discovery:discover_packages(colcon_meta) check parameters
[9.312s] Level 1:colcon.colcon_core.package_discovery:discover_packages(recursive) check parameters
[9.312s] Level 1:colcon.colcon_core.package_discovery:discover_packages(ignore) check parameters
[9.312s] Level 1:colcon.colcon_core.package_discovery:discover_packages(path) check parameters
[9.312s] Level 1:colcon.colcon_core.package_discovery:discover_packages(colcon_meta) discover
[9.313s] Level 1:colcon.colcon_core.package_discovery:discover_packages(recursive) discover
[9.313s] INFO:colcon.colcon_core.package_discovery:Crawling recursively for packages in '/home/winicon/RobotControl_ws'
[9.313s] Level 1:colcon.colcon_core.package_identification:_identify(.) by extensions ['ignore', 'ignore_ament_install']
[9.314s] Level 1:colcon.colcon_core.package_identification:_identify(.) by extension 'ignore'
[9.314s] Level 1:colcon.colcon_core.package_identification:_identify(.) by extension 'ignore_ament_install'
[9.314s] Level 1:colcon.colcon_core.package_identification:_identify(.) by extensions ['colcon_pkg']
[9.314s] Level 1:colcon.colcon_core.package_identification:_identify(.) by extension 'colcon_pkg'
[9.314s] Level 1:colcon.colcon_core.package_identification:_identify(.) by extensions ['colcon_meta']
[9.314s] Level 1:colcon.colcon_core.package_identification:_identify(.) by extension 'colcon_meta'
[9.315s] Level 1:colcon.colcon_core.package_identification:_identify(.) by extensions ['ros']
[9.315s] Level 1:colcon.colcon_core.package_identification:_identify(.) by extension 'ros'
[9.409s] Level 1:colcon.colcon_core.package_identification:_identify(.) by extensions ['cmake', 'python']
[9.410s] Level 1:colcon.colcon_core.package_identification:_identify(.) by extension 'cmake'
[9.410s] Level 1:colcon.colcon_core.package_identification:_identify(.) by extension 'python'
[9.410s] Level 1:colcon.colcon_core.package_identification:_identify(.) by extensions ['python_setup_py']
[9.410s] Level 1:colcon.colcon_core.package_identification:_identify(.) by extension 'python_setup_py'
[9.410s] Level 1:colcon.colcon_core.package_identification:_identify(build) by extensions ['ignore', 'ignore_ament_install']
[9.411s] Level 1:colcon.colcon_core.package_identification:_identify(build) by extension 'ignore'
[9.411s] Level 1:colcon.colcon_core.package_identification:_identify(build) ignored
[9.411s] Level 1:colcon.colcon_core.package_identification:_identify(install) by extensions ['ignore', 'ignore_ament_install']
[9.412s] Level 1:colcon.colcon_core.package_identification:_identify(install) by extension 'ignore'
[9.412s] Level 1:colcon.colcon_core.package_identification:_identify(install) ignored
[9.412s] Level 1:colcon.colcon_core.package_identification:_identify(log) by extensions ['ignore', 'ignore_ament_install']
[9.412s] Level 1:colcon.colcon_core.package_identification:_identify(log) by extension 'ignore'
[9.412s] Level 1:colcon.colcon_core.package_identification:_identify(log) ignored
[9.412s] Level 1:colcon.colcon_core.package_identification:_identify(src) by extensions ['ignore', 'ignore_ament_install']
[9.413s] Level 1:colcon.colcon_core.package_identification:_identify(src) by extension 'ignore'
[9.413s] Level 1:colcon.colcon_core.package_identification:_identify(src) by extension 'ignore_ament_install'
[9.413s] Level 1:colcon.colcon_core.package_identification:_identify(src) by extensions ['colcon_pkg']
[9.413s] Level 1:colcon.colcon_core.package_identification:_identify(src) by extension 'colcon_pkg'
[9.413s] Level 1:colcon.colcon_core.package_identification:_identify(src) by extensions ['colcon_meta']
[9.413s] Level 1:colcon.colcon_core.package_identification:_identify(src) by extension 'colcon_meta'
[9.413s] Level 1:colcon.colcon_core.package_identification:_identify(src) by extensions ['ros']
[9.413s] Level 1:colcon.colcon_core.package_identification:_identify(src) by extension 'ros'
[9.414s] Level 1:colcon.colcon_core.package_identification:_identify(src) by extensions ['cmake', 'python']
[9.414s] Level 1:colcon.colcon_core.package_identification:_identify(src) by extension 'cmake'
[9.414s] Level 1:colcon.colcon_core.package_identification:_identify(src) by extension 'python'
[9.414s] Level 1:colcon.colcon_core.package_identification:_identify(src) by extensions ['python_setup_py']
[9.415s] Level 1:colcon.colcon_core.package_identification:_identify(src) by extension 'python_setup_py'
[9.415s] Level 1:colcon.colcon_core.package_discovery:discover_packages(recursive) using defaults
[9.415s] Level 1:colcon.colcon_core.package_discovery:discover_packages(ignore) discover
[9.415s] Level 1:colcon.colcon_core.package_discovery:discover_packages(ignore) using defaults
[9.415s] Level 1:colcon.colcon_core.package_discovery:discover_packages(path) discover
[9.415s] Level 1:colcon.colcon_core.package_discovery:discover_packages(path) using defaults
[9.715s] Level 1:colcon.colcon_core.package_discovery:discover_packages(prefix_path) check parameters
[9.716s] Level 1:colcon.colcon_core.package_discovery:discover_packages(prefix_path) discover
[9.773s] DEBUG:colcon.colcon_installed_package_information.package_discovery:Found 1 installed packages in /home/winicon/ros/ros2_ws/install
[9.775s] DEBUG:colcon.colcon_installed_package_information.package_discovery:Found 4 installed packages in /home/winicon/robot_ws/install
[9.780s] DEBUG:colcon.colcon_installed_package_information.package_discovery:Found 451 installed packages in /opt/ros/humble
[9.816s] Level 1:colcon.colcon_core.package_discovery:discover_packages(prefix_path) using defaults
[10.156s] INFO:colcon.colcon_core.executor:Executing jobs using 'parallel' executor
[10.160s] DEBUG:colcon.colcon_parallel_executor.executor.parallel:run_until_complete
[10.161s] DEBUG:colcon.colcon_parallel_executor.executor.parallel:closing loop
[10.162s] DEBUG:colcon.colcon_parallel_executor.executor.parallel:loop closed
[10.162s] DEBUG:colcon.colcon_parallel_executor.executor.parallel:run_until_complete finished with '0'
[10.162s] DEBUG:colcon.colcon_core.event_reactor:joining thread
[10.264s] INFO:colcon.colcon_core.plugin_system:Skipping extension 'colcon_notification.desktop_notification.terminal_notifier': Not used on non-Darwin systems
[10.264s] INFO:colcon.colcon_core.plugin_system:Skipping extension 'colcon_notification.desktop_notification.win32': Not used on non-Windows systems
[10.264s] INFO:colcon.colcon_notification.desktop_notification:Sending desktop notification using 'notify2'
[10.395s] DEBUG:colcon.colcon_core.event_reactor:joined thread
[10.459s] INFO:colcon.colcon_core.plugin_system:Skipping extension 'colcon_core.shell.bat': Not used on non-Windows systems
[10.460s] INFO:colcon.colcon_core.shell:Creating prefix script '/home/winicon/RobotControl_ws/install/local_setup.ps1'
[10.468s] INFO:colcon.colcon_core.shell:Creating prefix util module '/home/winicon/RobotControl_ws/install/_local_setup_util_ps1.py'
[10.484s] INFO:colcon.colcon_core.shell:Creating prefix chain script '/home/winicon/RobotControl_ws/install/setup.ps1'
[10.490s] INFO:colcon.colcon_core.shell:Creating prefix script '/home/winicon/RobotControl_ws/install/local_setup.sh'
[10.494s] INFO:colcon.colcon_core.shell:Creating prefix util module '/home/winicon/RobotControl_ws/install/_local_setup_util_sh.py'
[10.495s] INFO:colcon.colcon_core.shell:Creating prefix chain script '/home/winicon/RobotControl_ws/install/setup.sh'
[10.501s] INFO:colcon.colcon_core.shell:Creating prefix script '/home/winicon/RobotControl_ws/install/local_setup.bash'
[10.519s] INFO:colcon.colcon_core.shell:Creating prefix chain script '/home/winicon/RobotControl_ws/install/setup.bash'
[10.527s] INFO:colcon.colcon_core.shell:Creating prefix script '/home/winicon/RobotControl_ws/install/local_setup.zsh'
[10.559s] INFO:colcon.colcon_core.shell:Creating prefix chain script '/home/winicon/RobotControl_ws/install/setup.zsh'
