[2.410s] DEBUG:colcon:Command line arguments: ['/usr/bin/colcon', 'build', '--symlink-install']
[2.410s] DEBUG:colcon:Parsed command line arguments: Namespace(log_base=None, log_level=None, verb_name='build', build_base='build', install_base='install', merge_install=False, symlink_install=True, test_result_base=None, continue_on_error=False, executor='parallel', parallel_workers=4, event_handlers=None, ignore_user_meta=False, metas=['./colcon.meta'], base_paths=['.'], packages_ignore=None, packages_ignore_regex=None, paths=None, packages_up_to=None, packages_up_to_regex=None, packages_above=None, packages_above_and_dependencies=None, packages_above_depth=None, packages_select_by_dep=None, packages_skip_by_dep=None, packages_skip_up_to=None, packages_select_build_failed=False, packages_skip_build_finished=False, packages_select_test_failures=False, packages_skip_test_passed=False, packages_select=None, packages_skip=None, packages_select_regex=None, packages_skip_regex=None, packages_start=None, packages_end=None, allow_overriding=[], cmake_args=None, cmake_target=None, cmake_target_skip_unavailable=False, cmake_clean_cache=False, cmake_clean_first=False, cmake_force_configure=False, ament_cmake_args=None, catkin_cmake_args=None, catkin_skip_building_tests=False, verb_parser=<colcon_defaults.argument_parser.defaults.DefaultArgumentsDecorator object at 0x7e9454b0d570>, verb_extension=<colcon_core.verb.build.BuildVerb object at 0x7e9454b0d060>, main=<bound method BuildVerb.main of <colcon_core.verb.build.BuildVerb object at 0x7e9454b0d060>>)
[4.196s] Level 1:colcon.colcon_core.package_discovery:discover_packages(colcon_meta) check parameters
[4.196s] Level 1:colcon.colcon_core.package_discovery:discover_packages(recursive) check parameters
[4.197s] Level 1:colcon.colcon_core.package_discovery:discover_packages(ignore) check parameters
[4.198s] Level 1:colcon.colcon_core.package_discovery:discover_packages(path) check parameters
[4.198s] Level 1:colcon.colcon_core.package_discovery:discover_packages(colcon_meta) discover
[4.198s] Level 1:colcon.colcon_core.package_discovery:discover_packages(recursive) discover
[4.199s] INFO:colcon.colcon_core.package_discovery:Crawling recursively for packages in '/home/winicon/RobotControl_ws'
[4.200s] Level 1:colcon.colcon_core.package_identification:_identify(.) by extensions ['ignore', 'ignore_ament_install']
[4.201s] Level 1:colcon.colcon_core.package_identification:_identify(.) by extension 'ignore'
[4.202s] Level 1:colcon.colcon_core.package_identification:_identify(.) by extension 'ignore_ament_install'
[4.203s] Level 1:colcon.colcon_core.package_identification:_identify(.) by extensions ['colcon_pkg']
[4.203s] Level 1:colcon.colcon_core.package_identification:_identify(.) by extension 'colcon_pkg'
[4.204s] Level 1:colcon.colcon_core.package_identification:_identify(.) by extensions ['colcon_meta']
[4.205s] Level 1:colcon.colcon_core.package_identification:_identify(.) by extension 'colcon_meta'
[4.205s] Level 1:colcon.colcon_core.package_identification:_identify(.) by extensions ['ros']
[4.205s] Level 1:colcon.colcon_core.package_identification:_identify(.) by extension 'ros'
[4.301s] Level 1:colcon.colcon_core.package_identification:_identify(.) by extensions ['cmake', 'python']
[4.302s] Level 1:colcon.colcon_core.package_identification:_identify(.) by extension 'cmake'
[4.302s] Level 1:colcon.colcon_core.package_identification:_identify(.) by extension 'python'
[4.303s] Level 1:colcon.colcon_core.package_identification:_identify(.) by extensions ['python_setup_py']
[4.303s] Level 1:colcon.colcon_core.package_identification:_identify(.) by extension 'python_setup_py'
[4.303s] Level 1:colcon.colcon_core.package_identification:_identify(build) by extensions ['ignore', 'ignore_ament_install']
[4.304s] Level 1:colcon.colcon_core.package_identification:_identify(build) by extension 'ignore'
[4.305s] Level 1:colcon.colcon_core.package_identification:_identify(build) ignored
[4.306s] Level 1:colcon.colcon_core.package_identification:_identify(install) by extensions ['ignore', 'ignore_ament_install']
[4.307s] Level 1:colcon.colcon_core.package_identification:_identify(install) by extension 'ignore'
[4.307s] Level 1:colcon.colcon_core.package_identification:_identify(install) ignored
[4.308s] Level 1:colcon.colcon_core.package_identification:_identify(log) by extensions ['ignore', 'ignore_ament_install']
[4.309s] Level 1:colcon.colcon_core.package_identification:_identify(log) by extension 'ignore'
[4.309s] Level 1:colcon.colcon_core.package_identification:_identify(log) ignored
[4.310s] Level 1:colcon.colcon_core.package_identification:_identify(src) by extensions ['ignore', 'ignore_ament_install']
[4.310s] Level 1:colcon.colcon_core.package_identification:_identify(src) by extension 'ignore'
[4.312s] Level 1:colcon.colcon_core.package_identification:_identify(src) by extension 'ignore_ament_install'
[4.313s] Level 1:colcon.colcon_core.package_identification:_identify(src) by extensions ['colcon_pkg']
[4.313s] Level 1:colcon.colcon_core.package_identification:_identify(src) by extension 'colcon_pkg'
[4.314s] Level 1:colcon.colcon_core.package_identification:_identify(src) by extensions ['colcon_meta']
[4.314s] Level 1:colcon.colcon_core.package_identification:_identify(src) by extension 'colcon_meta'
[4.314s] Level 1:colcon.colcon_core.package_identification:_identify(src) by extensions ['ros']
[4.314s] Level 1:colcon.colcon_core.package_identification:_identify(src) by extension 'ros'
[4.316s] Level 1:colcon.colcon_core.package_identification:_identify(src) by extensions ['cmake', 'python']
[4.317s] Level 1:colcon.colcon_core.package_identification:_identify(src) by extension 'cmake'
[4.318s] Level 1:colcon.colcon_core.package_identification:_identify(src) by extension 'python'
[4.318s] Level 1:colcon.colcon_core.package_identification:_identify(src) by extensions ['python_setup_py']
[4.318s] Level 1:colcon.colcon_core.package_identification:_identify(src) by extension 'python_setup_py'
[4.319s] Level 1:colcon.colcon_core.package_identification:_identify(src/robots_nav_contr) by extensions ['ignore', 'ignore_ament_install']
[4.320s] Level 1:colcon.colcon_core.package_identification:_identify(src/robots_nav_contr) by extension 'ignore'
[4.320s] Level 1:colcon.colcon_core.package_identification:_identify(src/robots_nav_contr) by extension 'ignore_ament_install'
[4.321s] Level 1:colcon.colcon_core.package_identification:_identify(src/robots_nav_contr) by extensions ['colcon_pkg']
[4.321s] Level 1:colcon.colcon_core.package_identification:_identify(src/robots_nav_contr) by extension 'colcon_pkg'
[4.321s] Level 1:colcon.colcon_core.package_identification:_identify(src/robots_nav_contr) by extensions ['colcon_meta']
[4.322s] Level 1:colcon.colcon_core.package_identification:_identify(src/robots_nav_contr) by extension 'colcon_meta'
[4.322s] Level 1:colcon.colcon_core.package_identification:_identify(src/robots_nav_contr) by extensions ['ros']
[4.323s] Level 1:colcon.colcon_core.package_identification:_identify(src/robots_nav_contr) by extension 'ros'
[4.343s] DEBUG:colcon.colcon_core.package_identification:Package 'src/robots_nav_contr' with type 'ros.ament_python' and name 'robots_nav_contr'
[4.343s] Level 1:colcon.colcon_core.package_discovery:discover_packages(recursive) using defaults
[4.343s] Level 1:colcon.colcon_core.package_discovery:discover_packages(ignore) discover
[4.344s] Level 1:colcon.colcon_core.package_discovery:discover_packages(ignore) using defaults
[4.345s] Level 1:colcon.colcon_core.package_discovery:discover_packages(path) discover
[4.345s] Level 1:colcon.colcon_core.package_discovery:discover_packages(path) using defaults
[4.500s] Level 1:colcon.colcon_core.package_discovery:discover_packages(prefix_path) check parameters
[4.500s] Level 1:colcon.colcon_core.package_discovery:discover_packages(prefix_path) discover
[4.512s] DEBUG:colcon.colcon_installed_package_information.package_discovery:Found 1 installed packages in /home/winicon/RobotControl_ws/install
[4.516s] DEBUG:colcon.colcon_installed_package_information.package_discovery:Found 1 installed packages in /home/winicon/ros/ros2_ws/install
[4.520s] DEBUG:colcon.colcon_installed_package_information.package_discovery:Found 4 installed packages in /home/winicon/robot_ws/install
[4.532s] DEBUG:colcon.colcon_installed_package_information.package_discovery:Found 451 installed packages in /opt/ros/humble
[4.547s] Level 1:colcon.colcon_core.package_discovery:discover_packages(prefix_path) using defaults
[4.968s] Level 5:colcon.colcon_core.verb:set package 'robots_nav_contr' build argument 'cmake_args' from command line to 'None'
[4.969s] Level 5:colcon.colcon_core.verb:set package 'robots_nav_contr' build argument 'cmake_target' from command line to 'None'
[4.970s] Level 5:colcon.colcon_core.verb:set package 'robots_nav_contr' build argument 'cmake_target_skip_unavailable' from command line to 'False'
[4.970s] Level 5:colcon.colcon_core.verb:set package 'robots_nav_contr' build argument 'cmake_clean_cache' from command line to 'False'
[4.970s] Level 5:colcon.colcon_core.verb:set package 'robots_nav_contr' build argument 'cmake_clean_first' from command line to 'False'
[4.970s] Level 5:colcon.colcon_core.verb:set package 'robots_nav_contr' build argument 'cmake_force_configure' from command line to 'False'
[4.970s] Level 5:colcon.colcon_core.verb:set package 'robots_nav_contr' build argument 'ament_cmake_args' from command line to 'None'
[4.970s] Level 5:colcon.colcon_core.verb:set package 'robots_nav_contr' build argument 'catkin_cmake_args' from command line to 'None'
[4.970s] Level 5:colcon.colcon_core.verb:set package 'robots_nav_contr' build argument 'catkin_skip_building_tests' from command line to 'False'
[4.971s] DEBUG:colcon.colcon_core.verb:Building package 'robots_nav_contr' with the following arguments: {'ament_cmake_args': None, 'build_base': '/home/winicon/RobotControl_ws/build/robots_nav_contr', 'catkin_cmake_args': None, 'catkin_skip_building_tests': False, 'cmake_args': None, 'cmake_clean_cache': False, 'cmake_clean_first': False, 'cmake_force_configure': False, 'cmake_target': None, 'cmake_target_skip_unavailable': False, 'install_base': '/home/winicon/RobotControl_ws/install/robots_nav_contr', 'merge_install': False, 'path': '/home/winicon/RobotControl_ws/src/robots_nav_contr', 'symlink_install': True, 'test_result_base': None}
[4.972s] INFO:colcon.colcon_core.executor:Executing jobs using 'parallel' executor
[4.989s] DEBUG:colcon.colcon_parallel_executor.executor.parallel:run_until_complete
[4.991s] INFO:colcon.colcon_ros.task.ament_python.build:Building ROS package in '/home/winicon/RobotControl_ws/src/robots_nav_contr' with build type 'ament_python'
[4.991s] Level 1:colcon.colcon_core.shell:create_environment_hook('robots_nav_contr', 'ament_prefix_path')
[5.013s] INFO:colcon.colcon_core.plugin_system:Skipping extension 'colcon_core.shell.bat': Not used on non-Windows systems
[5.015s] INFO:colcon.colcon_core.shell:Creating environment hook '/home/winicon/RobotControl_ws/install/robots_nav_contr/share/robots_nav_contr/hook/ament_prefix_path.ps1'
[5.024s] INFO:colcon.colcon_core.shell:Creating environment descriptor '/home/winicon/RobotControl_ws/install/robots_nav_contr/share/robots_nav_contr/hook/ament_prefix_path.dsv'
[5.026s] INFO:colcon.colcon_core.shell:Creating environment hook '/home/winicon/RobotControl_ws/install/robots_nav_contr/share/robots_nav_contr/hook/ament_prefix_path.sh'
[5.320s] INFO:colcon.colcon_core.shell:Skip shell extension 'powershell' for command environment: Not usable outside of PowerShell
[5.321s] DEBUG:colcon.colcon_core.shell:Skip shell extension 'dsv' for command environment
[12.632s] INFO:colcon.colcon_core.task.python.build:Building Python package in '/home/winicon/RobotControl_ws/src/robots_nav_contr'
[12.633s] INFO:colcon.colcon_core.shell:Skip shell extension 'powershell' for command environment: Not usable outside of PowerShell
[12.634s] DEBUG:colcon.colcon_core.shell:Skip shell extension 'dsv' for command environment
[23.508s] DEBUG:colcon.colcon_core.event_handler.log_command:Invoking command in '/home/winicon/RobotControl_ws/build/robots_nav_contr': PYTHONPATH=/home/winicon/RobotControl_ws/build/robots_nav_contr/prefix_override:/usr/lib/python3/dist-packages/colcon_core/task/python/colcon_distutils_commands:/home/winicon/RobotControl_ws/install/robots_nav_contr/lib/python3.10/site-packages:${PYTHONPATH} /usr/bin/python3 -W ignore:setup.py install is deprecated setup.py develop --editable --build-directory /home/winicon/RobotControl_ws/build/robots_nav_contr/build --no-deps symlink_data
[28.182s] Level 1:colcon.colcon_core.shell:create_environment_hook('robots_nav_contr', 'pythonpath_develop')
[28.186s] INFO:colcon.colcon_core.shell:Creating environment hook '/home/winicon/RobotControl_ws/build/robots_nav_contr/share/robots_nav_contr/hook/pythonpath_develop.ps1'
[28.196s] DEBUG:colcon.colcon_core.event_handler.log_command:Invoked command in '/home/winicon/RobotControl_ws/build/robots_nav_contr' returned '0': PYTHONPATH=/home/winicon/RobotControl_ws/build/robots_nav_contr/prefix_override:/usr/lib/python3/dist-packages/colcon_core/task/python/colcon_distutils_commands:/home/winicon/RobotControl_ws/install/robots_nav_contr/lib/python3.10/site-packages:${PYTHONPATH} /usr/bin/python3 -W ignore:setup.py install is deprecated setup.py develop --editable --build-directory /home/winicon/RobotControl_ws/build/robots_nav_contr/build --no-deps symlink_data
[28.197s] INFO:colcon.colcon_core.shell:Creating environment descriptor '/home/winicon/RobotControl_ws/build/robots_nav_contr/share/robots_nav_contr/hook/pythonpath_develop.dsv'
[28.199s] INFO:colcon.colcon_core.shell:Creating environment hook '/home/winicon/RobotControl_ws/build/robots_nav_contr/share/robots_nav_contr/hook/pythonpath_develop.sh'
[28.220s] Level 1:colcon.colcon_core.environment:checking '/home/winicon/RobotControl_ws/install/robots_nav_contr' for CMake module files
[28.223s] Level 1:colcon.colcon_core.environment:checking '/home/winicon/RobotControl_ws/install/robots_nav_contr' for CMake config files
[28.226s] Level 1:colcon.colcon_core.environment:checking '/home/winicon/RobotControl_ws/install/robots_nav_contr/lib'
[28.228s] Level 1:colcon.colcon_core.environment:checking '/home/winicon/RobotControl_ws/install/robots_nav_contr/bin'
[28.228s] Level 1:colcon.colcon_core.environment:checking '/home/winicon/RobotControl_ws/install/robots_nav_contr/lib/pkgconfig/robots_nav_contr.pc'
[28.230s] Level 1:colcon.colcon_core.environment:checking '/home/winicon/RobotControl_ws/install/robots_nav_contr/lib/python3.10/site-packages'
[28.230s] Level 1:colcon.colcon_core.shell:create_environment_hook('robots_nav_contr', 'pythonpath')
[28.231s] INFO:colcon.colcon_core.shell:Creating environment hook '/home/winicon/RobotControl_ws/install/robots_nav_contr/share/robots_nav_contr/hook/pythonpath.ps1'
[28.232s] INFO:colcon.colcon_core.shell:Creating environment descriptor '/home/winicon/RobotControl_ws/install/robots_nav_contr/share/robots_nav_contr/hook/pythonpath.dsv'
[28.233s] INFO:colcon.colcon_core.shell:Creating environment hook '/home/winicon/RobotControl_ws/install/robots_nav_contr/share/robots_nav_contr/hook/pythonpath.sh'
[28.235s] Level 1:colcon.colcon_core.environment:checking '/home/winicon/RobotControl_ws/install/robots_nav_contr/bin'
[28.236s] Level 1:colcon.colcon_core.environment:create_environment_scripts_only(robots_nav_contr)
[28.239s] INFO:colcon.colcon_core.shell:Creating package script '/home/winicon/RobotControl_ws/install/robots_nav_contr/share/robots_nav_contr/package.ps1'
[28.242s] INFO:colcon.colcon_core.shell:Creating package descriptor '/home/winicon/RobotControl_ws/install/robots_nav_contr/share/robots_nav_contr/package.dsv'
[28.245s] INFO:colcon.colcon_core.shell:Creating package script '/home/winicon/RobotControl_ws/install/robots_nav_contr/share/robots_nav_contr/package.sh'
[28.249s] INFO:colcon.colcon_core.shell:Creating package script '/home/winicon/RobotControl_ws/install/robots_nav_contr/share/robots_nav_contr/package.bash'
[28.253s] INFO:colcon.colcon_core.shell:Creating package script '/home/winicon/RobotControl_ws/install/robots_nav_contr/share/robots_nav_contr/package.zsh'
[28.257s] Level 1:colcon.colcon_core.environment:create_file_with_runtime_dependencies(/home/winicon/RobotControl_ws/install/robots_nav_contr/share/colcon-core/packages/robots_nav_contr)
[28.258s] DEBUG:colcon.colcon_parallel_executor.executor.parallel:closing loop
[28.292s] DEBUG:colcon.colcon_parallel_executor.executor.parallel:loop closed
[28.296s] DEBUG:colcon.colcon_parallel_executor.executor.parallel:run_until_complete finished with '0'
[28.297s] DEBUG:colcon.colcon_core.event_reactor:joining thread
[28.353s] INFO:colcon.colcon_core.plugin_system:Skipping extension 'colcon_notification.desktop_notification.terminal_notifier': Not used on non-Darwin systems
[28.354s] INFO:colcon.colcon_core.plugin_system:Skipping extension 'colcon_notification.desktop_notification.win32': Not used on non-Windows systems
[28.354s] INFO:colcon.colcon_notification.desktop_notification:Sending desktop notification using 'notify2'
[28.521s] DEBUG:colcon.colcon_core.event_reactor:joined thread
[28.523s] INFO:colcon.colcon_core.shell:Creating prefix script '/home/winicon/RobotControl_ws/install/local_setup.ps1'
[28.540s] INFO:colcon.colcon_core.shell:Creating prefix util module '/home/winicon/RobotControl_ws/install/_local_setup_util_ps1.py'
[28.562s] INFO:colcon.colcon_core.shell:Creating prefix chain script '/home/winicon/RobotControl_ws/install/setup.ps1'
[28.580s] INFO:colcon.colcon_core.shell:Creating prefix script '/home/winicon/RobotControl_ws/install/local_setup.sh'
[28.592s] INFO:colcon.colcon_core.shell:Creating prefix util module '/home/winicon/RobotControl_ws/install/_local_setup_util_sh.py'
[28.605s] INFO:colcon.colcon_core.shell:Creating prefix chain script '/home/winicon/RobotControl_ws/install/setup.sh'
[28.627s] INFO:colcon.colcon_core.shell:Creating prefix script '/home/winicon/RobotControl_ws/install/local_setup.bash'
[28.632s] INFO:colcon.colcon_core.shell:Creating prefix chain script '/home/winicon/RobotControl_ws/install/setup.bash'
[28.659s] INFO:colcon.colcon_core.shell:Creating prefix script '/home/winicon/RobotControl_ws/install/local_setup.zsh'
[28.666s] INFO:colcon.colcon_core.shell:Creating prefix chain script '/home/winicon/RobotControl_ws/install/setup.zsh'
