[0.953s] Invoking command in '/home/winicon/Robots_SwarmControl/build/robots_nav_contr': PYTHONPATH=/home/winicon/Robots_SwarmControl/build/robots_nav_contr/prefix_override:/usr/lib/python3/dist-packages/colcon_core/task/python/colcon_distutils_commands:/home/winicon/Robots_SwarmControl/install/robots_nav_contr/lib/python3.10/site-packages:${PYTHONPATH} /usr/bin/python3 -W ignore:setup.py install is deprecated setup.py develop --editable --build-directory /home/winicon/Robots_SwarmControl/build/robots_nav_contr/build --no-deps symlink_data
[1.294s] running develop
[1.503s] running egg_info
[1.503s] writing robots_nav_contr.egg-info/PKG-INFO
[1.509s] writing dependency_links to robots_nav_contr.egg-info/dependency_links.txt
[1.509s] writing entry points to robots_nav_contr.egg-info/entry_points.txt
[1.509s] writing requirements to robots_nav_contr.egg-info/requires.txt
[1.509s] writing top-level names to robots_nav_contr.egg-info/top_level.txt
[1.511s] reading manifest file 'robots_nav_contr.egg-info/SOURCES.txt'
[1.517s] writing manifest file 'robots_nav_contr.egg-info/SOURCES.txt'
[1.521s] running build_ext
[1.522s] Creating /home/winicon/Robots_SwarmControl/install/robots_nav_contr/lib/python3.10/site-packages/robots-nav-contr.egg-link (link to .)
[1.522s] Installing robot_command_receiver script to /home/winicon/Robots_SwarmControl/install/robots_nav_contr/lib/robots_nav_contr
[1.523s] Installing robots_nav_controller script to /home/winicon/Robots_SwarmControl/install/robots_nav_contr/lib/robots_nav_contr
[1.523s] Installing robots_serial_commands script to /home/winicon/Robots_SwarmControl/install/robots_nav_contr/lib/robots_nav_contr
[1.523s] 
[1.523s] Installed /home/winicon/Robots_SwarmControl/build/robots_nav_contr
[1.523s] running symlink_data
[1.523s] error: [Errno 17] File exists: '/home/winicon/Robots_SwarmControl/build/robots_nav_contr/resource/robots_nav_contr' -> '/home/winicon/Robots_SwarmControl/install/robots_nav_contr/share/ament_index/resource_index/packages/robots_nav_contr'
[1.523s] symbolically linking /home/winicon/Robots_SwarmControl/build/robots_nav_contr/resource/robots_nav_contr -> /home/winicon/Robots_SwarmControl/install/robots_nav_contr/share/ament_index/resource_index/packages
[1.586s] Invoked command in '/home/winicon/Robots_SwarmControl/build/robots_nav_contr' returned '1': PYTHONPATH=/home/winicon/Robots_SwarmControl/build/robots_nav_contr/prefix_override:/usr/lib/python3/dist-packages/colcon_core/task/python/colcon_distutils_commands:/home/winicon/Robots_SwarmControl/install/robots_nav_contr/lib/python3.10/site-packages:${PYTHONPATH} /usr/bin/python3 -W ignore:setup.py install is deprecated setup.py develop --editable --build-directory /home/winicon/Robots_SwarmControl/build/robots_nav_contr/build --no-deps symlink_data
