[0.961s] DEBUG:colcon:Command line arguments: ['/usr/bin/colcon', 'list', '-p', '--base-paths', '/home/winicon/RobotControl_ws']
[0.962s] DEBUG:colcon:Parsed command line arguments: Namespace(log_base=None, log_level=None, verb_name='list', build_base='build', ignore_user_meta=False, metas=['./colcon.meta'], base_paths=['/home/winicon/RobotControl_ws'], packages_ignore=None, packages_ignore_regex=None, paths=None, packages_up_to=None, packages_up_to_regex=None, packages_above=None, packages_above_and_dependencies=None, packages_above_depth=None, packages_select_by_dep=None, packages_skip_by_dep=None, packages_skip_up_to=None, packages_select_build_failed=False, packages_skip_build_finished=False, packages_select_test_failures=False, packages_skip_test_passed=False, packages_select=None, packages_skip=None, packages_select_regex=None, packages_skip_regex=None, packages_start=None, packages_end=None, allow_overriding=[], topological_order=False, names_only=False, paths_only=True, topological_graph=False, topological_graph_dot=False, topological_graph_density=False, topological_graph_legend=False, topological_graph_dot_cluster=False, topological_graph_dot_include_skipped=False, verb_parser=<colcon_defaults.argument_parser.defaults.DefaultArgumentsDecorator object at 0x7003c01f1600>, verb_extension=<colcon_package_information.verb.list.ListVerb object at 0x7003c01f0790>, main=<bound method ListVerb.main of <colcon_package_information.verb.list.ListVerb object at 0x7003c01f0790>>)
[4.425s] Level 1:colcon.colcon_core.package_discovery:discover_packages(colcon_meta) check parameters
[4.425s] Level 1:colcon.colcon_core.package_discovery:discover_packages(recursive) check parameters
[4.426s] Level 1:colcon.colcon_core.package_discovery:discover_packages(ignore) check parameters
[4.426s] Level 1:colcon.colcon_core.package_discovery:discover_packages(path) check parameters
[4.426s] Level 1:colcon.colcon_core.package_discovery:discover_packages(recursive) discover
[4.427s] INFO:colcon.colcon_core.package_discovery:Crawling recursively for packages in '/home/winicon/RobotControl_ws'
[4.431s] Level 1:colcon.colcon_core.package_identification:_identify(/home/winicon/RobotControl_ws) by extensions ['ignore', 'ignore_ament_install']
[4.432s] Level 1:colcon.colcon_core.package_identification:_identify(/home/winicon/RobotControl_ws) by extension 'ignore'
[4.432s] Level 1:colcon.colcon_core.package_identification:_identify(/home/winicon/RobotControl_ws) by extension 'ignore_ament_install'
[4.432s] Level 1:colcon.colcon_core.package_identification:_identify(/home/winicon/RobotControl_ws) by extensions ['colcon_pkg']
[4.433s] Level 1:colcon.colcon_core.package_identification:_identify(/home/winicon/RobotControl_ws) by extension 'colcon_pkg'
[4.433s] Level 1:colcon.colcon_core.package_identification:_identify(/home/winicon/RobotControl_ws) by extensions ['colcon_meta']
[4.433s] Level 1:colcon.colcon_core.package_identification:_identify(/home/winicon/RobotControl_ws) by extension 'colcon_meta'
[4.433s] Level 1:colcon.colcon_core.package_identification:_identify(/home/winicon/RobotControl_ws) by extensions ['ros']
[4.433s] Level 1:colcon.colcon_core.package_identification:_identify(/home/winicon/RobotControl_ws) by extension 'ros'
[4.708s] Level 1:colcon.colcon_core.package_identification:_identify(/home/winicon/RobotControl_ws) by extensions ['cmake', 'python']
[4.708s] Level 1:colcon.colcon_core.package_identification:_identify(/home/winicon/RobotControl_ws) by extension 'cmake'
[4.708s] Level 1:colcon.colcon_core.package_identification:_identify(/home/winicon/RobotControl_ws) by extension 'python'
[4.709s] Level 1:colcon.colcon_core.package_identification:_identify(/home/winicon/RobotControl_ws) by extensions ['python_setup_py']
[4.709s] Level 1:colcon.colcon_core.package_identification:_identify(/home/winicon/RobotControl_ws) by extension 'python_setup_py'
[4.709s] Level 1:colcon.colcon_core.package_identification:_identify(/home/winicon/RobotControl_ws/build) by extensions ['ignore', 'ignore_ament_install']
[4.709s] Level 1:colcon.colcon_core.package_identification:_identify(/home/winicon/RobotControl_ws/build) by extension 'ignore'
[4.710s] Level 1:colcon.colcon_core.package_identification:_identify(/home/winicon/RobotControl_ws/build) ignored
[4.710s] Level 1:colcon.colcon_core.package_identification:_identify(/home/winicon/RobotControl_ws/install) by extensions ['ignore', 'ignore_ament_install']
[4.711s] Level 1:colcon.colcon_core.package_identification:_identify(/home/winicon/RobotControl_ws/install) by extension 'ignore'
[4.711s] Level 1:colcon.colcon_core.package_identification:_identify(/home/winicon/RobotControl_ws/install) ignored
[4.712s] Level 1:colcon.colcon_core.package_identification:_identify(/home/winicon/RobotControl_ws/log) by extensions ['ignore', 'ignore_ament_install']
[4.723s] Level 1:colcon.colcon_core.package_identification:_identify(/home/winicon/RobotControl_ws/log) by extension 'ignore'
[4.725s] Level 1:colcon.colcon_core.package_identification:_identify(/home/winicon/RobotControl_ws/log) ignored
[4.733s] Level 1:colcon.colcon_core.package_identification:_identify(/home/winicon/RobotControl_ws/src) by extensions ['ignore', 'ignore_ament_install']
[4.761s] Level 1:colcon.colcon_core.package_identification:_identify(/home/winicon/RobotControl_ws/src) by extension 'ignore'
[4.762s] Level 1:colcon.colcon_core.package_identification:_identify(/home/winicon/RobotControl_ws/src) by extension 'ignore_ament_install'
[4.763s] Level 1:colcon.colcon_core.package_identification:_identify(/home/winicon/RobotControl_ws/src) by extensions ['colcon_pkg']
[4.763s] Level 1:colcon.colcon_core.package_identification:_identify(/home/winicon/RobotControl_ws/src) by extension 'colcon_pkg'
[4.763s] Level 1:colcon.colcon_core.package_identification:_identify(/home/winicon/RobotControl_ws/src) by extensions ['colcon_meta']
[4.763s] Level 1:colcon.colcon_core.package_identification:_identify(/home/winicon/RobotControl_ws/src) by extension 'colcon_meta'
[4.764s] Level 1:colcon.colcon_core.package_identification:_identify(/home/winicon/RobotControl_ws/src) by extensions ['ros']
[4.772s] Level 1:colcon.colcon_core.package_identification:_identify(/home/winicon/RobotControl_ws/src) by extension 'ros'
[4.772s] Level 1:colcon.colcon_core.package_identification:_identify(/home/winicon/RobotControl_ws/src) by extensions ['cmake', 'python']
[4.773s] Level 1:colcon.colcon_core.package_identification:_identify(/home/winicon/RobotControl_ws/src) by extension 'cmake'
[4.773s] Level 1:colcon.colcon_core.package_identification:_identify(/home/winicon/RobotControl_ws/src) by extension 'python'
[4.773s] Level 1:colcon.colcon_core.package_identification:_identify(/home/winicon/RobotControl_ws/src) by extensions ['python_setup_py']
[4.773s] Level 1:colcon.colcon_core.package_identification:_identify(/home/winicon/RobotControl_ws/src) by extension 'python_setup_py'
[4.773s] Level 1:colcon.colcon_core.package_identification:_identify(/home/winicon/RobotControl_ws/src/robots_navigationController) by extensions ['ignore', 'ignore_ament_install']
[4.774s] Level 1:colcon.colcon_core.package_identification:_identify(/home/winicon/RobotControl_ws/src/robots_navigationController) by extension 'ignore'
[4.774s] Level 1:colcon.colcon_core.package_identification:_identify(/home/winicon/RobotControl_ws/src/robots_navigationController) by extension 'ignore_ament_install'
[4.774s] Level 1:colcon.colcon_core.package_identification:_identify(/home/winicon/RobotControl_ws/src/robots_navigationController) by extensions ['colcon_pkg']
[4.774s] Level 1:colcon.colcon_core.package_identification:_identify(/home/winicon/RobotControl_ws/src/robots_navigationController) by extension 'colcon_pkg'
[4.774s] Level 1:colcon.colcon_core.package_identification:_identify(/home/winicon/RobotControl_ws/src/robots_navigationController) by extensions ['colcon_meta']
[4.774s] Level 1:colcon.colcon_core.package_identification:_identify(/home/winicon/RobotControl_ws/src/robots_navigationController) by extension 'colcon_meta'
[4.775s] Level 1:colcon.colcon_core.package_identification:_identify(/home/winicon/RobotControl_ws/src/robots_navigationController) by extensions ['ros']
[4.775s] Level 1:colcon.colcon_core.package_identification:_identify(/home/winicon/RobotControl_ws/src/robots_navigationController) by extension 'ros'
[4.829s] DEBUG:colcon.colcon_core.package_identification:Package '/home/winicon/RobotControl_ws/src/robots_navigationController' with type 'ros.ament_python' and name 'robots_navigationController'
[4.829s] Level 1:colcon.colcon_core.package_discovery:discover_packages(recursive) using defaults
