running develop
/usr/lib/python3/dist-packages/setuptools/command/easy_install.py:158: EasyInstallDeprecationWarning: easy_install command is deprecated. Use build and pip and other standards-based tools.
  warnings.warn(
running egg_info
creating robots_navigationController.egg-info
writing robots_navigationController.egg-info/PKG-INFO
writing dependency_links to robots_navigationController.egg-info/dependency_links.txt
writing entry points to robots_navigationController.egg-info/entry_points.txt
writing requirements to robots_navigationController.egg-info/requires.txt
writing top-level names to robots_navigationController.egg-info/top_level.txt
writing manifest file 'robots_navigationController.egg-info/SOURCES.txt'
reading manifest file 'robots_navigationController.egg-info/SOURCES.txt'
writing manifest file 'robots_navigationController.egg-info/SOURCES.txt'
running build_ext
Creating /home/winicon/RobotControl_ws/install/robots_navigationController/lib/python3.10/site-packages/robots-navigationController.egg-link (link to .)

Installed /home/winicon/RobotControl_ws/build/robots_navigationController
running symlink_data
creating /home/winicon/RobotControl_ws/install/robots_navigationController/share/ament_index
creating /home/winicon/RobotControl_ws/install/robots_navigationController/share/ament_index/resource_index
creating /home/winicon/RobotControl_ws/install/robots_navigationController/share/ament_index/resource_index/packages
symbolically linking /home/winicon/RobotControl_ws/build/robots_navigationController/resource/robots_navigationController -> /home/winicon/RobotControl_ws/install/robots_navigationController/share/ament_index/resource_index/packages
symbolically linking /home/winicon/RobotControl_ws/build/robots_navigationController/package.xml -> /home/winicon/RobotControl_ws/install/robots_navigationController/share/robots_navigationController
