[0.398s] DEBUG:colcon:Command line arguments: ['/usr/bin/colcon', 'build', '--symlink-install']
[0.399s] DEBUG:colcon:Parsed command line arguments: Namespace(log_base=None, log_level=None, verb_name='build', build_base='build', install_base='install', merge_install=False, symlink_install=True, test_result_base=None, continue_on_error=False, executor='parallel', parallel_workers=4, event_handlers=None, ignore_user_meta=False, metas=['./colcon.meta'], base_paths=['.'], packages_ignore=None, packages_ignore_regex=None, paths=None, packages_up_to=None, packages_up_to_regex=None, packages_above=None, packages_above_and_dependencies=None, packages_above_depth=None, packages_select_by_dep=None, packages_skip_by_dep=None, packages_skip_up_to=None, packages_select_build_failed=False, packages_skip_build_finished=False, packages_select_test_failures=False, packages_skip_test_passed=False, packages_select=None, packages_skip=None, packages_select_regex=None, packages_skip_regex=None, packages_start=None, packages_end=None, allow_overriding=[], cmake_args=None, cmake_target=None, cmake_target_skip_unavailable=False, cmake_clean_cache=False, cmake_clean_first=False, cmake_force_configure=False, ament_cmake_args=None, catkin_cmake_args=None, catkin_skip_building_tests=False, verb_parser=<colcon_defaults.argument_parser.defaults.DefaultArgumentsDecorator object at 0x717da3c25570>, verb_extension=<colcon_core.verb.build.BuildVerb object at 0x717da3c25060>, main=<bound method BuildVerb.main of <colcon_core.verb.build.BuildVerb object at 0x717da3c25060>>)
[1.054s] Level 1:colcon.colcon_core.package_discovery:discover_packages(colcon_meta) check parameters
[1.054s] Level 1:colcon.colcon_core.package_discovery:discover_packages(recursive) check parameters
[1.054s] Level 1:colcon.colcon_core.package_discovery:discover_packages(ignore) check parameters
[1.055s] Level 1:colcon.colcon_core.package_discovery:discover_packages(path) check parameters
[1.055s] Level 1:colcon.colcon_core.package_discovery:discover_packages(colcon_meta) discover
[1.056s] Level 1:colcon.colcon_core.package_discovery:discover_packages(recursive) discover
[1.056s] INFO:colcon.colcon_core.package_discovery:Crawling recursively for packages in '/home/winicon/RobotControl_ws'
[1.056s] Level 1:colcon.colcon_core.package_identification:_identify(.) by extensions ['ignore', 'ignore_ament_install']
[1.057s] Level 1:colcon.colcon_core.package_identification:_identify(.) by extension 'ignore'
[1.057s] Level 1:colcon.colcon_core.package_identification:_identify(.) by extension 'ignore_ament_install'
[1.057s] Level 1:colcon.colcon_core.package_identification:_identify(.) by extensions ['colcon_pkg']
[1.057s] Level 1:colcon.colcon_core.package_identification:_identify(.) by extension 'colcon_pkg'
[1.057s] Level 1:colcon.colcon_core.package_identification:_identify(.) by extensions ['colcon_meta']
[1.058s] Level 1:colcon.colcon_core.package_identification:_identify(.) by extension 'colcon_meta'
[1.058s] Level 1:colcon.colcon_core.package_identification:_identify(.) by extensions ['ros']
[1.058s] Level 1:colcon.colcon_core.package_identification:_identify(.) by extension 'ros'
[1.099s] Level 1:colcon.colcon_core.package_identification:_identify(.) by extensions ['cmake', 'python']
[1.099s] Level 1:colcon.colcon_core.package_identification:_identify(.) by extension 'cmake'
[1.100s] Level 1:colcon.colcon_core.package_identification:_identify(.) by extension 'python'
[1.100s] Level 1:colcon.colcon_core.package_identification:_identify(.) by extensions ['python_setup_py']
[1.100s] Level 1:colcon.colcon_core.package_identification:_identify(.) by extension 'python_setup_py'
[1.100s] Level 1:colcon.colcon_core.package_identification:_identify(build) by extensions ['ignore', 'ignore_ament_install']
[1.101s] Level 1:colcon.colcon_core.package_identification:_identify(build) by extension 'ignore'
[1.101s] Level 1:colcon.colcon_core.package_identification:_identify(build) ignored
[1.101s] Level 1:colcon.colcon_core.package_identification:_identify(install) by extensions ['ignore', 'ignore_ament_install']
[1.102s] Level 1:colcon.colcon_core.package_identification:_identify(install) by extension 'ignore'
[1.102s] Level 1:colcon.colcon_core.package_identification:_identify(install) ignored
[1.102s] Level 1:colcon.colcon_core.package_identification:_identify(log) by extensions ['ignore', 'ignore_ament_install']
[1.103s] Level 1:colcon.colcon_core.package_identification:_identify(log) by extension 'ignore'
[1.103s] Level 1:colcon.colcon_core.package_identification:_identify(log) ignored
[1.103s] Level 1:colcon.colcon_core.package_identification:_identify(src) by extensions ['ignore', 'ignore_ament_install']
[1.103s] Level 1:colcon.colcon_core.package_identification:_identify(src) by extension 'ignore'
[1.103s] Level 1:colcon.colcon_core.package_identification:_identify(src) by extension 'ignore_ament_install'
[1.103s] Level 1:colcon.colcon_core.package_identification:_identify(src) by extensions ['colcon_pkg']
[1.104s] Level 1:colcon.colcon_core.package_identification:_identify(src) by extension 'colcon_pkg'
[1.104s] Level 1:colcon.colcon_core.package_identification:_identify(src) by extensions ['colcon_meta']
[1.104s] Level 1:colcon.colcon_core.package_identification:_identify(src) by extension 'colcon_meta'
[1.104s] Level 1:colcon.colcon_core.package_identification:_identify(src) by extensions ['ros']
[1.104s] Level 1:colcon.colcon_core.package_identification:_identify(src) by extension 'ros'
[1.104s] Level 1:colcon.colcon_core.package_identification:_identify(src) by extensions ['cmake', 'python']
[1.104s] Level 1:colcon.colcon_core.package_identification:_identify(src) by extension 'cmake'
[1.104s] Level 1:colcon.colcon_core.package_identification:_identify(src) by extension 'python'
[1.105s] Level 1:colcon.colcon_core.package_identification:_identify(src) by extensions ['python_setup_py']
[1.105s] Level 1:colcon.colcon_core.package_identification:_identify(src) by extension 'python_setup_py'
[1.105s] Level 1:colcon.colcon_core.package_identification:_identify(src/robots_navigationController) by extensions ['ignore', 'ignore_ament_install']
[1.105s] Level 1:colcon.colcon_core.package_identification:_identify(src/robots_navigationController) by extension 'ignore'
[1.106s] Level 1:colcon.colcon_core.package_identification:_identify(src/robots_navigationController) by extension 'ignore_ament_install'
[1.106s] Level 1:colcon.colcon_core.package_identification:_identify(src/robots_navigationController) by extensions ['colcon_pkg']
[1.106s] Level 1:colcon.colcon_core.package_identification:_identify(src/robots_navigationController) by extension 'colcon_pkg'
[1.106s] Level 1:colcon.colcon_core.package_identification:_identify(src/robots_navigationController) by extensions ['colcon_meta']
[1.106s] Level 1:colcon.colcon_core.package_identification:_identify(src/robots_navigationController) by extension 'colcon_meta'
[1.106s] Level 1:colcon.colcon_core.package_identification:_identify(src/robots_navigationController) by extensions ['ros']
[1.106s] Level 1:colcon.colcon_core.package_identification:_identify(src/robots_navigationController) by extension 'ros'
[1.115s] DEBUG:colcon.colcon_core.package_identification:Package 'src/robots_navigationController' with type 'ros.ament_python' and name 'robots_navigationController'
[1.116s] Level 1:colcon.colcon_core.package_discovery:discover_packages(recursive) using defaults
[1.117s] Level 1:colcon.colcon_core.package_discovery:discover_packages(ignore) discover
[1.117s] Level 1:colcon.colcon_core.package_discovery:discover_packages(ignore) using defaults
[1.117s] Level 1:colcon.colcon_core.package_discovery:discover_packages(path) discover
[1.117s] Level 1:colcon.colcon_core.package_discovery:discover_packages(path) using defaults
[1.206s] Level 1:colcon.colcon_core.package_discovery:discover_packages(prefix_path) check parameters
[1.206s] Level 1:colcon.colcon_core.package_discovery:discover_packages(prefix_path) discover
[1.216s] DEBUG:colcon.colcon_installed_package_information.package_discovery:Found 1 installed packages in /home/winicon/RobotControl_ws/install
[1.217s] DEBUG:colcon.colcon_installed_package_information.package_discovery:Found 1 installed packages in /home/winicon/ros/ros2_ws/install
[1.220s] DEBUG:colcon.colcon_installed_package_information.package_discovery:Found 4 installed packages in /home/winicon/robot_ws/install
[1.225s] DEBUG:colcon.colcon_installed_package_information.package_discovery:Found 451 installed packages in /opt/ros/humble
[1.235s] Level 1:colcon.colcon_core.package_discovery:discover_packages(prefix_path) using defaults
[1.475s] Level 5:colcon.colcon_core.verb:set package 'robots_navigationController' build argument 'cmake_args' from command line to 'None'
[1.476s] Level 5:colcon.colcon_core.verb:set package 'robots_navigationController' build argument 'cmake_target' from command line to 'None'
[1.476s] Level 5:colcon.colcon_core.verb:set package 'robots_navigationController' build argument 'cmake_target_skip_unavailable' from command line to 'False'
[1.476s] Level 5:colcon.colcon_core.verb:set package 'robots_navigationController' build argument 'cmake_clean_cache' from command line to 'False'
[1.476s] Level 5:colcon.colcon_core.verb:set package 'robots_navigationController' build argument 'cmake_clean_first' from command line to 'False'
[1.477s] Level 5:colcon.colcon_core.verb:set package 'robots_navigationController' build argument 'cmake_force_configure' from command line to 'False'
[1.477s] Level 5:colcon.colcon_core.verb:set package 'robots_navigationController' build argument 'ament_cmake_args' from command line to 'None'
[1.477s] Level 5:colcon.colcon_core.verb:set package 'robots_navigationController' build argument 'catkin_cmake_args' from command line to 'None'
[1.477s] Level 5:colcon.colcon_core.verb:set package 'robots_navigationController' build argument 'catkin_skip_building_tests' from command line to 'False'
[1.477s] DEBUG:colcon.colcon_core.verb:Building package 'robots_navigationController' with the following arguments: {'ament_cmake_args': None, 'build_base': '/home/winicon/RobotControl_ws/build/robots_navigationController', 'catkin_cmake_args': None, 'catkin_skip_building_tests': False, 'cmake_args': None, 'cmake_clean_cache': False, 'cmake_clean_first': False, 'cmake_force_configure': False, 'cmake_target': None, 'cmake_target_skip_unavailable': False, 'install_base': '/home/winicon/RobotControl_ws/install/robots_navigationController', 'merge_install': False, 'path': '/home/winicon/RobotControl_ws/src/robots_navigationController', 'symlink_install': True, 'test_result_base': None}
[1.478s] INFO:colcon.colcon_core.executor:Executing jobs using 'parallel' executor
[1.482s] DEBUG:colcon.colcon_parallel_executor.executor.parallel:run_until_complete
[1.482s] INFO:colcon.colcon_ros.task.ament_python.build:Building ROS package in '/home/winicon/RobotControl_ws/src/robots_navigationController' with build type 'ament_python'
[1.483s] Level 1:colcon.colcon_core.shell:create_environment_hook('robots_navigationController', 'ament_prefix_path')
[1.494s] INFO:colcon.colcon_core.plugin_system:Skipping extension 'colcon_core.shell.bat': Not used on non-Windows systems
[1.495s] INFO:colcon.colcon_core.shell:Creating environment hook '/home/winicon/RobotControl_ws/install/robots_navigationController/share/robots_navigationController/hook/ament_prefix_path.ps1'
[1.497s] INFO:colcon.colcon_core.shell:Creating environment descriptor '/home/winicon/RobotControl_ws/install/robots_navigationController/share/robots_navigationController/hook/ament_prefix_path.dsv'
[1.499s] INFO:colcon.colcon_core.shell:Creating environment hook '/home/winicon/RobotControl_ws/install/robots_navigationController/share/robots_navigationController/hook/ament_prefix_path.sh'
[1.501s] INFO:colcon.colcon_core.shell:Skip shell extension 'powershell' for command environment: Not usable outside of PowerShell
[1.502s] DEBUG:colcon.colcon_core.shell:Skip shell extension 'dsv' for command environment
[3.765s] INFO:colcon.colcon_core.task.python.build:Building Python package in '/home/winicon/RobotControl_ws/src/robots_navigationController'
[3.767s] INFO:colcon.colcon_core.shell:Skip shell extension 'powershell' for command environment: Not usable outside of PowerShell
[3.768s] DEBUG:colcon.colcon_core.shell:Skip shell extension 'dsv' for command environment
[7.855s] DEBUG:colcon.colcon_core.event_handler.log_command:Invoking command in '/home/winicon/RobotControl_ws/build/robots_navigationController': PYTHONPATH=/home/winicon/RobotControl_ws/build/robots_navigationController/prefix_override:/usr/lib/python3/dist-packages/colcon_core/task/python/colcon_distutils_commands:/home/winicon/RobotControl_ws/install/robots_navigationController/lib/python3.10/site-packages:${PYTHONPATH} /usr/bin/python3 -W ignore:setup.py install is deprecated setup.py develop --editable --build-directory /home/winicon/RobotControl_ws/build/robots_navigationController/build --no-deps symlink_data
[11.739s] Level 1:colcon.colcon_core.shell:create_environment_hook('robots_navigationController', 'pythonpath_develop')
[11.743s] INFO:colcon.colcon_core.shell:Creating environment hook '/home/winicon/RobotControl_ws/build/robots_navigationController/share/robots_navigationController/hook/pythonpath_develop.ps1'
[11.747s] DEBUG:colcon.colcon_core.event_handler.log_command:Invoked command in '/home/winicon/RobotControl_ws/build/robots_navigationController' returned '0': PYTHONPATH=/home/winicon/RobotControl_ws/build/robots_navigationController/prefix_override:/usr/lib/python3/dist-packages/colcon_core/task/python/colcon_distutils_commands:/home/winicon/RobotControl_ws/install/robots_navigationController/lib/python3.10/site-packages:${PYTHONPATH} /usr/bin/python3 -W ignore:setup.py install is deprecated setup.py develop --editable --build-directory /home/winicon/RobotControl_ws/build/robots_navigationController/build --no-deps symlink_data
[11.750s] INFO:colcon.colcon_core.shell:Creating environment descriptor '/home/winicon/RobotControl_ws/build/robots_navigationController/share/robots_navigationController/hook/pythonpath_develop.dsv'
[11.751s] INFO:colcon.colcon_core.shell:Creating environment hook '/home/winicon/RobotControl_ws/build/robots_navigationController/share/robots_navigationController/hook/pythonpath_develop.sh'
[11.777s] Level 1:colcon.colcon_core.environment:checking '/home/winicon/RobotControl_ws/install/robots_navigationController' for CMake module files
[11.778s] Level 1:colcon.colcon_core.environment:checking '/home/winicon/RobotControl_ws/install/robots_navigationController' for CMake config files
[11.780s] Level 1:colcon.colcon_core.environment:checking '/home/winicon/RobotControl_ws/install/robots_navigationController/lib'
[11.781s] Level 1:colcon.colcon_core.environment:checking '/home/winicon/RobotControl_ws/install/robots_navigationController/bin'
[11.781s] Level 1:colcon.colcon_core.environment:checking '/home/winicon/RobotControl_ws/install/robots_navigationController/lib/pkgconfig/robots_navigationController.pc'
[11.783s] Level 1:colcon.colcon_core.environment:checking '/home/winicon/RobotControl_ws/install/robots_navigationController/lib/python3.10/site-packages'
[11.783s] Level 1:colcon.colcon_core.shell:create_environment_hook('robots_navigationController', 'pythonpath')
[11.786s] INFO:colcon.colcon_core.shell:Creating environment hook '/home/winicon/RobotControl_ws/install/robots_navigationController/share/robots_navigationController/hook/pythonpath.ps1'
[11.788s] INFO:colcon.colcon_core.shell:Creating environment descriptor '/home/winicon/RobotControl_ws/install/robots_navigationController/share/robots_navigationController/hook/pythonpath.dsv'
[11.791s] INFO:colcon.colcon_core.shell:Creating environment hook '/home/winicon/RobotControl_ws/install/robots_navigationController/share/robots_navigationController/hook/pythonpath.sh'
[11.795s] Level 1:colcon.colcon_core.environment:checking '/home/winicon/RobotControl_ws/install/robots_navigationController/bin'
[11.796s] Level 1:colcon.colcon_core.environment:create_environment_scripts_only(robots_navigationController)
[11.799s] INFO:colcon.colcon_core.shell:Creating package script '/home/winicon/RobotControl_ws/install/robots_navigationController/share/robots_navigationController/package.ps1'
[11.805s] INFO:colcon.colcon_core.shell:Creating package descriptor '/home/winicon/RobotControl_ws/install/robots_navigationController/share/robots_navigationController/package.dsv'
[11.839s] INFO:colcon.colcon_core.shell:Creating package script '/home/winicon/RobotControl_ws/install/robots_navigationController/share/robots_navigationController/package.sh'
[11.850s] INFO:colcon.colcon_core.shell:Creating package script '/home/winicon/RobotControl_ws/install/robots_navigationController/share/robots_navigationController/package.bash'
[11.855s] INFO:colcon.colcon_core.shell:Creating package script '/home/winicon/RobotControl_ws/install/robots_navigationController/share/robots_navigationController/package.zsh'
[11.862s] Level 1:colcon.colcon_core.environment:create_file_with_runtime_dependencies(/home/winicon/RobotControl_ws/install/robots_navigationController/share/colcon-core/packages/robots_navigationController)
[11.868s] DEBUG:colcon.colcon_parallel_executor.executor.parallel:closing loop
[11.870s] DEBUG:colcon.colcon_parallel_executor.executor.parallel:loop closed
[11.870s] DEBUG:colcon.colcon_parallel_executor.executor.parallel:run_until_complete finished with '0'
[11.871s] DEBUG:colcon.colcon_core.event_reactor:joining thread
[11.902s] INFO:colcon.colcon_core.plugin_system:Skipping extension 'colcon_notification.desktop_notification.terminal_notifier': Not used on non-Darwin systems
[11.902s] INFO:colcon.colcon_core.plugin_system:Skipping extension 'colcon_notification.desktop_notification.win32': Not used on non-Windows systems
[11.902s] INFO:colcon.colcon_notification.desktop_notification:Sending desktop notification using 'notify2'
[12.043s] DEBUG:colcon.colcon_core.event_reactor:joined thread
[12.045s] INFO:colcon.colcon_core.shell:Creating prefix script '/home/winicon/RobotControl_ws/install/local_setup.ps1'
[12.052s] INFO:colcon.colcon_core.shell:Creating prefix util module '/home/winicon/RobotControl_ws/install/_local_setup_util_ps1.py'
[12.061s] INFO:colcon.colcon_core.shell:Creating prefix chain script '/home/winicon/RobotControl_ws/install/setup.ps1'
[12.073s] INFO:colcon.colcon_core.shell:Creating prefix script '/home/winicon/RobotControl_ws/install/local_setup.sh'
[12.081s] INFO:colcon.colcon_core.shell:Creating prefix util module '/home/winicon/RobotControl_ws/install/_local_setup_util_sh.py'
[12.088s] INFO:colcon.colcon_core.shell:Creating prefix chain script '/home/winicon/RobotControl_ws/install/setup.sh'
[12.096s] INFO:colcon.colcon_core.shell:Creating prefix script '/home/winicon/RobotControl_ws/install/local_setup.bash'
[12.100s] INFO:colcon.colcon_core.shell:Creating prefix chain script '/home/winicon/RobotControl_ws/install/setup.bash'
[12.107s] INFO:colcon.colcon_core.shell:Creating prefix script '/home/winicon/RobotControl_ws/install/local_setup.zsh'
[12.111s] INFO:colcon.colcon_core.shell:Creating prefix chain script '/home/winicon/RobotControl_ws/install/setup.zsh'
