[0.386s] DEBUG:colcon:Command line arguments: ['/usr/bin/colcon', 'list', '-p', '--base-paths', '/home/winicon/RobotControl_ws']
[0.391s] DEBUG:colcon:Parsed command line arguments: Namespace(log_base=None, log_level=None, verb_name='list', build_base='build', ignore_user_meta=False, metas=['./colcon.meta'], base_paths=['/home/winicon/RobotControl_ws'], packages_ignore=None, packages_ignore_regex=None, paths=None, packages_up_to=None, packages_up_to_regex=None, packages_above=None, packages_above_and_dependencies=None, packages_above_depth=None, packages_select_by_dep=None, packages_skip_by_dep=None, packages_skip_up_to=None, packages_select_build_failed=False, packages_skip_build_finished=False, packages_select_test_failures=False, packages_skip_test_passed=False, packages_select=None, packages_skip=None, packages_select_regex=None, packages_skip_regex=None, packages_start=None, packages_end=None, allow_overriding=[], topological_order=False, names_only=False, paths_only=True, topological_graph=False, topological_graph_dot=False, topological_graph_density=False, topological_graph_legend=False, topological_graph_dot_cluster=False, topological_graph_dot_include_skipped=False, verb_parser=<colcon_defaults.argument_parser.defaults.DefaultArgumentsDecorator object at 0x7afe29426590>, verb_extension=<colcon_package_information.verb.list.ListVerb object at 0x7afe29425570>, main=<bound method ListVerb.main of <colcon_package_information.verb.list.ListVerb object at 0x7afe29425570>>)
[3.205s] Level 1:colcon.colcon_core.package_discovery:discover_packages(colcon_meta) check parameters
[3.206s] Level 1:colcon.colcon_core.package_discovery:discover_packages(recursive) check parameters
[3.206s] Level 1:colcon.colcon_core.package_discovery:discover_packages(ignore) check parameters
[3.211s] Level 1:colcon.colcon_core.package_discovery:discover_packages(path) check parameters
[3.212s] Level 1:colcon.colcon_core.package_discovery:discover_packages(recursive) discover
[3.212s] INFO:colcon.colcon_core.package_discovery:Crawling recursively for packages in '/home/winicon/RobotControl_ws'
[3.213s] Level 1:colcon.colcon_core.package_identification:_identify(/home/winicon/RobotControl_ws) by extensions ['ignore', 'ignore_ament_install']
[3.213s] Level 1:colcon.colcon_core.package_identification:_identify(/home/winicon/RobotControl_ws) by extension 'ignore'
[3.214s] Level 1:colcon.colcon_core.package_identification:_identify(/home/winicon/RobotControl_ws) by extension 'ignore_ament_install'
[3.215s] Level 1:colcon.colcon_core.package_identification:_identify(/home/winicon/RobotControl_ws) by extensions ['colcon_pkg']
[3.215s] Level 1:colcon.colcon_core.package_identification:_identify(/home/winicon/RobotControl_ws) by extension 'colcon_pkg'
[3.215s] Level 1:colcon.colcon_core.package_identification:_identify(/home/winicon/RobotControl_ws) by extensions ['colcon_meta']
[3.215s] Level 1:colcon.colcon_core.package_identification:_identify(/home/winicon/RobotControl_ws) by extension 'colcon_meta'
[3.219s] Level 1:colcon.colcon_core.package_identification:_identify(/home/winicon/RobotControl_ws) by extensions ['ros']
[3.220s] Level 1:colcon.colcon_core.package_identification:_identify(/home/winicon/RobotControl_ws) by extension 'ros'
[3.592s] Level 1:colcon.colcon_core.package_identification:_identify(/home/winicon/RobotControl_ws) by extensions ['cmake', 'python']
[3.594s] Level 1:colcon.colcon_core.package_identification:_identify(/home/winicon/RobotControl_ws) by extension 'cmake'
[3.595s] Level 1:colcon.colcon_core.package_identification:_identify(/home/winicon/RobotControl_ws) by extension 'python'
[3.596s] Level 1:colcon.colcon_core.package_identification:_identify(/home/winicon/RobotControl_ws) by extensions ['python_setup_py']
[3.597s] Level 1:colcon.colcon_core.package_identification:_identify(/home/winicon/RobotControl_ws) by extension 'python_setup_py'
[3.598s] Level 1:colcon.colcon_core.package_identification:_identify(/home/winicon/RobotControl_ws/build) by extensions ['ignore', 'ignore_ament_install']
[3.598s] Level 1:colcon.colcon_core.package_identification:_identify(/home/winicon/RobotControl_ws/build) by extension 'ignore'
[3.599s] Level 1:colcon.colcon_core.package_identification:_identify(/home/winicon/RobotControl_ws/build) ignored
[3.600s] Level 1:colcon.colcon_core.package_identification:_identify(/home/winicon/RobotControl_ws/install) by extensions ['ignore', 'ignore_ament_install']
[3.627s] Level 1:colcon.colcon_core.package_identification:_identify(/home/winicon/RobotControl_ws/install) by extension 'ignore'
[3.627s] Level 1:colcon.colcon_core.package_identification:_identify(/home/winicon/RobotControl_ws/install) ignored
[3.628s] Level 1:colcon.colcon_core.package_identification:_identify(/home/winicon/RobotControl_ws/log) by extensions ['ignore', 'ignore_ament_install']
[3.630s] Level 1:colcon.colcon_core.package_identification:_identify(/home/winicon/RobotControl_ws/log) by extension 'ignore'
[3.631s] Level 1:colcon.colcon_core.package_identification:_identify(/home/winicon/RobotControl_ws/log) ignored
[3.631s] Level 1:colcon.colcon_core.package_identification:_identify(/home/winicon/RobotControl_ws/src) by extensions ['ignore', 'ignore_ament_install']
[3.632s] Level 1:colcon.colcon_core.package_identification:_identify(/home/winicon/RobotControl_ws/src) by extension 'ignore'
[3.632s] Level 1:colcon.colcon_core.package_identification:_identify(/home/winicon/RobotControl_ws/src) by extension 'ignore_ament_install'
[3.632s] Level 1:colcon.colcon_core.package_identification:_identify(/home/winicon/RobotControl_ws/src) by extensions ['colcon_pkg']
[3.632s] Level 1:colcon.colcon_core.package_identification:_identify(/home/winicon/RobotControl_ws/src) by extension 'colcon_pkg'
[3.633s] Level 1:colcon.colcon_core.package_identification:_identify(/home/winicon/RobotControl_ws/src) by extensions ['colcon_meta']
[3.633s] Level 1:colcon.colcon_core.package_identification:_identify(/home/winicon/RobotControl_ws/src) by extension 'colcon_meta'
[3.633s] Level 1:colcon.colcon_core.package_identification:_identify(/home/winicon/RobotControl_ws/src) by extensions ['ros']
[3.633s] Level 1:colcon.colcon_core.package_identification:_identify(/home/winicon/RobotControl_ws/src) by extension 'ros'
[3.633s] Level 1:colcon.colcon_core.package_identification:_identify(/home/winicon/RobotControl_ws/src) by extensions ['cmake', 'python']
[3.633s] Level 1:colcon.colcon_core.package_identification:_identify(/home/winicon/RobotControl_ws/src) by extension 'cmake'
[3.634s] Level 1:colcon.colcon_core.package_identification:_identify(/home/winicon/RobotControl_ws/src) by extension 'python'
[3.647s] Level 1:colcon.colcon_core.package_identification:_identify(/home/winicon/RobotControl_ws/src) by extensions ['python_setup_py']
[3.648s] Level 1:colcon.colcon_core.package_identification:_identify(/home/winicon/RobotControl_ws/src) by extension 'python_setup_py'
[3.648s] Level 1:colcon.colcon_core.package_identification:_identify(/home/winicon/RobotControl_ws/src/robots_nav_contr) by extensions ['ignore', 'ignore_ament_install']
[3.648s] Level 1:colcon.colcon_core.package_identification:_identify(/home/winicon/RobotControl_ws/src/robots_nav_contr) by extension 'ignore'
[3.649s] Level 1:colcon.colcon_core.package_identification:_identify(/home/winicon/RobotControl_ws/src/robots_nav_contr) by extension 'ignore_ament_install'
[3.649s] Level 1:colcon.colcon_core.package_identification:_identify(/home/winicon/RobotControl_ws/src/robots_nav_contr) by extensions ['colcon_pkg']
[3.649s] Level 1:colcon.colcon_core.package_identification:_identify(/home/winicon/RobotControl_ws/src/robots_nav_contr) by extension 'colcon_pkg'
[3.649s] Level 1:colcon.colcon_core.package_identification:_identify(/home/winicon/RobotControl_ws/src/robots_nav_contr) by extensions ['colcon_meta']
[3.655s] Level 1:colcon.colcon_core.package_identification:_identify(/home/winicon/RobotControl_ws/src/robots_nav_contr) by extension 'colcon_meta'
[3.655s] Level 1:colcon.colcon_core.package_identification:_identify(/home/winicon/RobotControl_ws/src/robots_nav_contr) by extensions ['ros']
[3.655s] Level 1:colcon.colcon_core.package_identification:_identify(/home/winicon/RobotControl_ws/src/robots_nav_contr) by extension 'ros'
[3.694s] DEBUG:colcon.colcon_core.package_identification:Package '/home/winicon/RobotControl_ws/src/robots_nav_contr' with type 'ros.ament_python' and name 'robots_nav_contr'
[3.694s] Level 1:colcon.colcon_core.package_discovery:discover_packages(recursive) using defaults
